11-11-2018 19:16:59	This log contains information about the import schema operation into project 'SkillsDB' on computer 'LAPTOP-D876RCFG' by user 'Sid'.
11-11-2018 19:17:00	Import of database schema has started.
11-11-2018 19:17:06	Gathering database options
11-11-2018 19:17:06	Gathering users
11-11-2018 19:17:06	Gathering roles
11-11-2018 19:17:06	Gathering application roles
11-11-2018 19:17:06	Gathering role memberships
11-11-2018 19:17:06	Gathering filegroups
11-11-2018 19:17:06	Gathering full-text catalogs
11-11-2018 19:17:06	Gathering assemblies
11-11-2018 19:17:06	Gathering certificates
11-11-2018 19:17:06	Gathering asymmetric keys
11-11-2018 19:17:06	Gathering symmetric keys
11-11-2018 19:17:06	Gathering encrypted symmetric keys
11-11-2018 19:17:06	Gathering schemas
11-11-2018 19:17:06	Gathering XML schema collections
11-11-2018 19:17:06	Gathering user-defined data types
11-11-2018 19:17:06	Gathering user-defined types
11-11-2018 19:17:06	Gathering table types
11-11-2018 19:17:06	Gathering unique keys for table types
11-11-2018 19:17:06	Gathering primary keys for table types
11-11-2018 19:17:06	Gathering indexes for table types
11-11-2018 19:17:06	Gathering check constraints for table types
11-11-2018 19:17:06	Gathering default constraints for table types
11-11-2018 19:17:06	Gathering partition functions
11-11-2018 19:17:06	Gathering partition schemes
11-11-2018 19:17:06	Gathering functions
11-11-2018 19:17:06	Gathering encrypted functions
11-11-2018 19:17:06	Gathering aggregates
11-11-2018 19:17:06	Gathering procedures
11-11-2018 19:17:06	Gathering encrypted procedures
11-11-2018 19:17:06	Gathering tables
11-11-2018 19:17:06	Gathering primary keys
11-11-2018 19:17:06	Gathering unique constraints
11-11-2018 19:17:06	Gathering foreign keys
11-11-2018 19:17:06	Gathering default constraints
11-11-2018 19:17:06	Gathering check constraints
11-11-2018 19:17:06	Gathering views
11-11-2018 19:17:06	Gathering encrypted views
11-11-2018 19:17:06	Gathering indexes
11-11-2018 19:17:06	Gathering statistics
11-11-2018 19:17:06	Gathering full-text index stoplists
11-11-2018 19:17:06	Gathering search property lists
11-11-2018 19:17:06	Gathering search properties
11-11-2018 19:17:06	Gathering full-text indexes
11-11-2018 19:17:06	Gathering column store indexes
11-11-2018 19:17:06	Gathering spatial indexes
11-11-2018 19:17:07	Gathering XML indexes
11-11-2018 19:17:07	Gathering Selective XML indexes
11-11-2018 19:17:07	Gathering encrypted triggers
11-11-2018 19:17:07	Gathering triggers
11-11-2018 19:17:07	Gathering encrypted and clr ddl triggers
11-11-2018 19:17:07	Gathering ddl triggers
11-11-2018 19:17:07	Gathering synonyms
11-11-2018 19:17:07	Gathering defaults
11-11-2018 19:17:07	Gathering data constraint uddt bindings
11-11-2018 19:17:07	Gathering rules
11-11-2018 19:17:07	Gathering data constraint uddt bindings
11-11-2018 19:17:07	Gathering message types
11-11-2018 19:17:07	Gathering queues
11-11-2018 19:17:07	Gathering contracts
11-11-2018 19:17:07	Gathering services
11-11-2018 19:17:07	Gathering event notifications
11-11-2018 19:17:07	Gathering remote service bindings
11-11-2018 19:17:07	Gathering broker priorities
11-11-2018 19:17:07	Gathering signatures
11-11-2018 19:17:07	Gathering data compression options
11-11-2018 19:17:07	Gathering sequence types
11-11-2018 19:17:07	Gathering extended properties
11-11-2018 19:17:07	Gathering credentials
11-11-2018 19:17:07	Gathering logins
11-11-2018 19:17:07	Gathering server audits
11-11-2018 19:17:08	Scanning project for duplicate elements
11-11-2018 19:17:08	Finished duplicate element processing
11-11-2018 19:17:09	Finished importing database.
11-11-2018 19:17:09	A summary of the import was saved to the following location: G:\DISS\Project\SK Dashboard - Database\SkillsDB\Import Schema Logs\SkillsDB_20181111071659.log
11-11-2018 19:17:09	Click Finish to continue...
